Tue Jan 17 19:32:31 2017 - [SENDCOM] - Comando turno 15 05 40 1 1. Enviados: 18 - Recibidos: 65
Tue Jan 17 19:32:37 2017 - [SENDCOM] - Comando turno 15 05 40 1 1. Enviados: 18 - Recibidos: 65
Tue Jan 17 19:32:47 2017 - [SENDCOM] - Comando turno 15 05 40 1 0. Enviados: 18 - Recibidos: 65
Tue Jan 17 19:33:56 2017 - [SENDCOM] - Comando turno 15 05 40 1 0. Enviados: 18 - Recibidos: 65
Tue Jan 17 19:46:42 2017 - [SENDCOM] - Comando turno 15 05 40 1 0. Enviados: 18 - Recibidos: 65
Tue Jan 17 19:47:06 2017 - [SENDCOM] - Comando status. Enviados: 6 - Recibidos: 256
Tue Jan 17 19:53:53 2017 - [SENDCOM] - Comando turno 15 05 40 1 0. Enviados: 18 - Recibidos: 65
Tue Jan 17 20:03:40 2017 - [SENDCOM] - Comando status. Enviados: 6 - Recibidos: 258
Tue Jan 17 20:03:59 2017 - [SENDCOM] - Comando status. Enviados: 6 - Recibidos: 258
Thu Jan 19 16:47:45 2017 - [SENDCOM] - Comando turno 10 10 30 1 0. Enviados: 18 - Recibidos: 65
Tue Feb 14 18:52:29 2017 - [ERROR] - Unable to open /dev/ttyACM0: No such file or directory
Tue Feb 14 18:52:29 2017 - [ERROR] - Unable to open /dev/ttyACM1: No such file or directory
Tue Feb 14 18:52:29 2017 - [ERROR] - Unable to open /dev/ttyACM2: No such file or directory
Tue Feb 14 18:52:29 2017 - [ERROR] - Unable to open /dev/ttyACM3: No such file or directory
Tue Feb 14 18:52:29 2017 - [ERROR] - Unable to open /dev/ttyACM4: No such file or directory
Tue Feb 14 18:52:29 2017 - [ERROR] - Unable to open /dev/ttyACM5: No such file or directory
Tue Feb 14 18:52:29 2017 - [ERROR] - Unable to open /dev/ttyACM6: No such file or directory
Tue Feb 14 18:52:29 2017 - [ERROR] - Unable to open /dev/ttyACM7: No such file or directory
Tue Feb 14 18:52:29 2017 - [ERROR] - Unable to open /dev/ttyACM8: No such file or directory
Tue Feb 14 18:52:29 2017 - [ERROR] - Unable to open /dev/ttyACM9: No such file or directory
Tue Feb 14 18:52:51 2017 - [ERROR] - Unable to open /dev/ttyACM0: No such file or directory
Tue Feb 14 18:52:51 2017 - [ERROR] - Unable to open /dev/ttyACM1: No such file or directory
Tue Feb 14 18:52:55 2017 - [SENDCOM] - Comando status. Enviados: 6 - Recibidos: 421
Tue Feb 14 18:53:19 2017 - [ERROR] - Unable to open /dev/ttyACM0: No such file or directory
Tue Feb 14 18:53:19 2017 - [ERROR] - Unable to open /dev/ttyACM1: No such file or directory
Tue Feb 14 18:53:21 2017 - [SENDCOM] - Comando turno 08 05 30 1 0 3. Enviados: 20 - Recibidos: 81
Tue Feb 14 18:53:23 2017 - [ERROR] - Unable to open /dev/ttyACM0: No such file or directory
Tue Feb 14 18:53:23 2017 - [ERROR] - Unable to open /dev/ttyACM1: No such file or directory
Tue Feb 14 18:53:25 2017 - [SENDCOM] - Comando turno 08 05 30 1 1 3. Enviados: 20 - Recibidos: 81
Tue Feb 14 18:53:27 2017 - [ERROR] - Unable to open /dev/ttyACM0: No such file or directory
Tue Feb 14 18:53:27 2017 - [ERROR] - Unable to open /dev/ttyACM1: No such file or directory
Tue Feb 14 18:53:29 2017 - [SENDCOM] - Comando turno 08 05 30 1 2 3. Enviados: 20 - Recibidos: 81
Tue Feb 14 18:53:37 2017 - [ERROR] - Unable to open /dev/ttyACM0: No such file or directory
Tue Feb 14 18:53:37 2017 - [ERROR] - Unable to open /dev/ttyACM1: No such file or directory
Tue Feb 14 18:53:41 2017 - [SENDCOM] - Comando status. Enviados: 6 - Recibidos: 679
Tue Feb 14 18:53:49 2017 - [ERROR] - Unable to open /dev/ttyACM0: No such file or directory
Tue Feb 14 18:53:49 2017 - [ERROR] - Unable to open /dev/ttyACM1: No such file or directory
Tue Feb 14 18:53:49 2017 - [ERROR] - Unable to open /dev/ttyACM2: No such file or directory
Tue Feb 14 18:53:49 2017 - [ERROR] - Unable to open /dev/ttyACM3: No such file or directory
Tue Feb 14 18:53:49 2017 - [ERROR] - Unable to open /dev/ttyACM4: No such file or directory
Tue Feb 14 18:53:49 2017 - [ERROR] - Unable to open /dev/ttyACM5: No such file or directory
Tue Feb 14 18:53:49 2017 - [ERROR] - Unable to open /dev/ttyACM6: No such file or directory
Tue Feb 14 18:53:49 2017 - [ERROR] - Unable to open /dev/ttyACM7: No such file or directory
Tue Feb 14 18:53:49 2017 - [ERROR] - Unable to open /dev/ttyACM8: No such file or directory
Tue Feb 14 18:53:49 2017 - [ERROR] - Unable to open /dev/ttyACM9: No such file or directory
Tue Feb 14 18:54:35 2017 - [ERROR] - Unable to open /dev/ttyACM0: No such file or directory
Tue Feb 14 18:54:35 2017 - [ERROR] - Unable to open /dev/ttyACM1: No such file or directory
Tue Feb 14 18:54:35 2017 - [ERROR] - Unable to open /dev/ttyACM2: No such file or directory
Tue Feb 14 18:54:35 2017 - [ERROR] - Unable to open /dev/ttyACM3: No such file or directory
Tue Feb 14 18:54:35 2017 - [ERROR] - Unable to open /dev/ttyACM4: No such file or directory
Tue Feb 14 18:54:35 2017 - [ERROR] - Unable to open /dev/ttyACM5: No such file or directory
Tue Feb 14 18:54:35 2017 - [ERROR] - Unable to open /dev/ttyACM6: No such file or directory
Tue Feb 14 18:54:35 2017 - [ERROR] - Unable to open /dev/ttyACM7: No such file or directory
Tue Feb 14 18:54:35 2017 - [ERROR] - Unable to open /dev/ttyACM8: No such file or directory
Tue Feb 14 18:54:35 2017 - [ERROR] - Unable to open /dev/ttyACM9: No such file or directory
Tue Feb 14 18:54:41 2017 - [ERROR] - Unable to open /dev/ttyACM0: No such file or directory
Tue Feb 14 18:54:41 2017 - [ERROR] - Unable to open /dev/ttyACM1: No such file or directory
Tue Feb 14 18:54:44 2017 - [SENDCOM] - Comando status. Enviados: 6 - Recibidos: 419
Tue Feb 14 18:54:47 2017 - [ERROR] - Unable to open /dev/ttyACM0: No such file or directory
Tue Feb 14 18:54:47 2017 - [ERROR] - Unable to open /dev/ttyACM1: No such file or directory
Tue Feb 14 18:54:49 2017 - [SENDCOM] - Comando status. Enviados: 6 - Recibidos: 421
Tue Feb 14 18:54:56 2017 - [ERROR] - Unable to open /dev/ttyACM0: No such file or directory
Tue Feb 14 18:54:56 2017 - [ERROR] - Unable to open /dev/ttyACM1: No such file or directory
Tue Feb 14 18:54:58 2017 - [SENDCOM] - Comando status. Enviados: 6 - Recibidos: 421
Tue Feb 14 19:01:20 2017 - [ERROR] - Unable to open /dev/ttyACM0: No such file or directory
Tue Feb 14 19:01:20 2017 - [ERROR] - Unable to open /dev/ttyACM1: Device or resource busy
Tue Feb 14 19:01:20 2017 - [ERROR] - Unable to open /dev/ttyACM2: No such file or directory
Tue Feb 14 19:01:20 2017 - [ERROR] - Unable to open /dev/ttyACM3: No such file or directory
Tue Feb 14 19:01:20 2017 - [ERROR] - Unable to open /dev/ttyACM4: No such file or directory
Tue Feb 14 19:01:20 2017 - [ERROR] - Unable to open /dev/ttyACM5: No such file or directory
Tue Feb 14 19:01:20 2017 - [ERROR] - Unable to open /dev/ttyACM6: No such file or directory
Tue Feb 14 19:01:20 2017 - [ERROR] - Unable to open /dev/ttyACM7: No such file or directory
Tue Feb 14 19:01:20 2017 - [ERROR] - Unable to open /dev/ttyACM8: No such file or directory
Tue Feb 14 19:01:20 2017 - [ERROR] - Unable to open /dev/ttyACM9: No such file or directory
Tue Feb 14 19:01:26 2017 - [ERROR] - Unable to open /dev/ttyACM0: No such file or directory
Tue Feb 14 19:01:29 2017 - [SENDCOM] - Comando status. Enviados: 6 - Recibidos: 417
Tue Feb 14 19:01:37 2017 - [ERROR] - Unable to open /dev/ttyACM0: No such file or directory
Tue Feb 14 19:01:39 2017 - [SENDCOM] - Comando turno 08 05 30 1 0 3. Enviados: 20 - Recibidos: 81
Tue Feb 14 19:01:42 2017 - [ERROR] - Unable to open /dev/ttyACM0: No such file or directory
Tue Feb 14 19:01:44 2017 - [SENDCOM] - Comando turno 08 05 30 1 1 3. Enviados: 20 - Recibidos: 81
Tue Feb 14 19:01:46 2017 - [ERROR] - Unable to open /dev/ttyACM0: No such file or directory
Tue Feb 14 19:01:48 2017 - [SENDCOM] - Comando turno 08 05 30 1 2 3. Enviados: 20 - Recibidos: 81
Tue Feb 14 19:01:51 2017 - [ERROR] - Unable to open /dev/ttyACM0: No such file or directory
Tue Feb 14 19:01:54 2017 - [SENDCOM] - Comando status. Enviados: 6 - Recibidos: 548
Tue Feb 14 19:02:01 2017 - [ERROR] - Unable to open /dev/ttyACM0: No such file or directory
Tue Feb 14 19:02:05 2017 - [SENDCOM] - Comando status. Enviados: 6 - Recibidos: 596
Tue Feb 14 19:02:09 2017 - [ERROR] - Unable to open /dev/ttyACM0: No such file or directory
Tue Feb 14 19:02:09 2017 - [ERROR] - Unable to open /dev/ttyACM1: No such file or directory
Tue Feb 14 19:02:09 2017 - [ERROR] - Unable to open /dev/ttyACM2: No such file or directory
Tue Feb 14 19:02:09 2017 - [ERROR] - Unable to open /dev/ttyACM3: No such file or directory
Tue Feb 14 19:02:09 2017 - [ERROR] - Unable to open /dev/ttyACM4: No such file or directory
Tue Feb 14 19:02:09 2017 - [ERROR] - Unable to open /dev/ttyACM5: No such file or directory
Tue Feb 14 19:02:09 2017 - [ERROR] - Unable to open /dev/ttyACM6: No such file or directory
Tue Feb 14 19:02:09 2017 - [ERROR] - Unable to open /dev/ttyACM7: No such file or directory
Tue Feb 14 19:02:09 2017 - [ERROR] - Unable to open /dev/ttyACM8: No such file or directory
Tue Feb 14 19:02:09 2017 - [ERROR] - Unable to open /dev/ttyACM9: No such file or directory
Tue Feb 14 19:02:18 2017 - [ERROR] - Unable to open /dev/ttyACM0: No such file or directory
Tue Feb 14 19:02:18 2017 - [ERROR] - Unable to open /dev/ttyACM1: No such file or directory
Tue Feb 14 19:02:18 2017 - [ERROR] - Unable to open /dev/ttyACM2: No such file or directory
Tue Feb 14 19:02:18 2017 - [ERROR] - Unable to open /dev/ttyACM3: No such file or directory
Tue Feb 14 19:02:18 2017 - [ERROR] - Unable to open /dev/ttyACM4: No such file or directory
Tue Feb 14 19:02:18 2017 - [ERROR] - Unable to open /dev/ttyACM5: No such file or directory
Tue Feb 14 19:02:18 2017 - [ERROR] - Unable to open /dev/ttyACM6: No such file or directory
Tue Feb 14 19:02:18 2017 - [ERROR] - Unable to open /dev/ttyACM7: No such file or directory
Tue Feb 14 19:02:18 2017 - [ERROR] - Unable to open /dev/ttyACM8: No such file or directory
Tue Feb 14 19:02:18 2017 - [ERROR] - Unable to open /dev/ttyACM9: No such file or directory
Tue Feb 14 19:02:19 2017 - [ERROR] - Unable to open /dev/ttyACM0: No such file or directory
Tue Feb 14 19:02:19 2017 - [ERROR] - Unable to open /dev/ttyACM1: No such file or directory
Tue Feb 14 19:02:19 2017 - [ERROR] - Unable to open /dev/ttyACM2: No such file or directory
Tue Feb 14 19:02:19 2017 - [ERROR] - Unable to open /dev/ttyACM3: No such file or directory
Tue Feb 14 19:02:19 2017 - [ERROR] - Unable to open /dev/ttyACM4: No such file or directory
Tue Feb 14 19:02:19 2017 - [ERROR] - Unable to open /dev/ttyACM5: No such file or directory
Tue Feb 14 19:02:19 2017 - [ERROR] - Unable to open /dev/ttyACM6: No such file or directory
Tue Feb 14 19:02:19 2017 - [ERROR] - Unable to open /dev/ttyACM7: No such file or directory
Tue Feb 14 19:02:19 2017 - [ERROR] - Unable to open /dev/ttyACM8: No such file or directory
Tue Feb 14 19:02:19 2017 - [ERROR] - Unable to open /dev/ttyACM9: No such file or directory
Tue Feb 14 19:02:20 2017 - [ERROR] - Unable to open /dev/ttyACM0: No such file or directory
Tue Feb 14 19:02:20 2017 - [ERROR] - Unable to open /dev/ttyACM1: No such file or directory
Tue Feb 14 19:02:20 2017 - [ERROR] - Unable to open /dev/ttyACM2: No such file or directory
Tue Feb 14 19:02:20 2017 - [ERROR] - Unable to open /dev/ttyACM3: No such file or directory
Tue Feb 14 19:02:20 2017 - [ERROR] - Unable to open /dev/ttyACM4: No such file or directory
Tue Feb 14 19:02:20 2017 - [ERROR] - Unable to open /dev/ttyACM5: No such file or directory
Tue Feb 14 19:02:20 2017 - [ERROR] - Unable to open /dev/ttyACM6: No such file or directory
Tue Feb 14 19:02:20 2017 - [ERROR] - Unable to open /dev/ttyACM7: No such file or directory
Tue Feb 14 19:02:20 2017 - [ERROR] - Unable to open /dev/ttyACM8: No such file or directory
Tue Feb 14 19:02:20 2017 - [ERROR] - Unable to open /dev/ttyACM9: No such file or directory
Tue Feb 14 19:02:24 2017 - [ERROR] - Unable to open /dev/ttyACM0: No such file or directory
Tue Feb 14 19:02:27 2017 - [SENDCOM] - Comando status. Enviados: 6 - Recibidos: 417
Thu Feb 16 15:28:28 2017 - [ERROR] - Unable to open /dev/ttyACM0: No such file or directory
Thu Feb 16 15:28:28 2017 - [ERROR] - Unable to open /dev/ttyACM1: No such file or directory
Thu Feb 16 15:28:28 2017 - [ERROR] - Unable to open /dev/ttyACM2: No such file or directory
Thu Feb 16 15:28:28 2017 - [ERROR] - Unable to open /dev/ttyACM3: No such file or directory
Thu Feb 16 15:28:31 2017 - [SENDCOM] - Comando epoch. Enviados: 5 - Recibidos: 0
Thu Feb 16 16:19:37 2017 - [ERROR] - Unable to open /dev/ttyACM0: No such file or directory
Thu Feb 16 16:19:37 2017 - [ERROR] - Unable to open /dev/ttyACM1: Device or resource busy
Thu Feb 16 16:19:37 2017 - [ERROR] - Unable to open /dev/ttyACM2: No such file or directory
Thu Feb 16 16:19:37 2017 - [ERROR] - Unable to open /dev/ttyACM3: No such file or directory
Thu Feb 16 16:19:37 2017 - [ERROR] - Unable to open /dev/ttyACM4: No such file or directory
Thu Feb 16 16:19:37 2017 - [ERROR] - Unable to open /dev/ttyACM5: No such file or directory
Thu Feb 16 16:19:37 2017 - [ERROR] - Unable to open /dev/ttyACM6: No such file or directory
Thu Feb 16 16:19:37 2017 - [ERROR] - Unable to open /dev/ttyACM7: No such file or directory
Thu Feb 16 16:19:37 2017 - [ERROR] - Unable to open /dev/ttyACM8: No such file or directory
Thu Feb 16 16:19:37 2017 - [ERROR] - Unable to open /dev/ttyACM9: No such file or directory
Thu Feb 16 16:19:44 2017 - [ERROR] - Unable to open /dev/ttyACM0: No such file or directory
Thu Feb 16 16:19:46 2017 - [SENDCOM] - Comando turno 08 05 30 1 0 3. Enviados: 20 - Recibidos: 81
Thu Feb 16 16:19:48 2017 - [ERROR] - Unable to open /dev/ttyACM0: No such file or directory
Thu Feb 16 16:19:50 2017 - [SENDCOM] - Comando turno 08 05 30 1 1 3. Enviados: 20 - Recibidos: 81
Thu Feb 16 16:19:52 2017 - [ERROR] - Unable to open /dev/ttyACM0: No such file or directory
Thu Feb 16 16:19:54 2017 - [SENDCOM] - Comando turno 08 05 30 1 3 3. Enviados: 20 - Recibidos: 38
Thu Feb 16 16:19:58 2017 - [ERROR] - Unable to open /dev/ttyACM0: No such file or directory
Thu Feb 16 16:20:00 2017 - [SENDCOM] - Comando turno 08 05 30 1 2 3. Enviados: 20 - Recibidos: 81
Thu Feb 16 16:20:12 2017 - [ERROR] - Unable to open /dev/ttyACM0: No such file or directory
Thu Feb 16 16:20:16 2017 - [SENDCOM] - Comando status. Enviados: 6 - Recibidos: 725
Thu Feb 16 16:20:23 2017 - [ERROR] - Unable to open /dev/ttyACM0: No such file or directory
Thu Feb 16 16:20:26 2017 - [SENDCOM] - Comando print. Enviados: 5 - Recibidos: 21
Thu Feb 16 16:20:32 2017 - [ERROR] - Unable to open /dev/ttyACM0: No such file or directory
Thu Feb 16 16:20:34 2017 - [SENDCOM] - Comando print logs. Enviados: 10 - Recibidos: 117
Thu Feb 16 16:25:02 2017 - [ERROR] - Unable to open /dev/ttyACM0: No such file or directory
Thu Feb 16 16:25:05 2017 - [SENDCOM] - Comando printlogs. Enviados: 9 - Recibidos: 870
Thu Feb 16 16:25:22 2017 - [ERROR] - Unable to open /dev/ttyACM0: No such file or directory
Thu Feb 16 16:25:25 2017 - [SENDCOM] - Comando status. Enviados: 6 - Recibidos: 419
Thu Feb 16 16:25:31 2017 - [ERROR] - Unable to open /dev/ttyACM0: No such file or directory
Thu Feb 16 16:25:33 2017 - [SENDCOM] - Comando temp. Enviados: 4 - Recibidos: 7
Thu Feb 16 16:36:47 2017 - [ERROR] - Unable to open /dev/ttyACM0: No such file or directory
Thu Feb 16 16:36:50 2017 - [SENDCOM] - Comando turno 08 04 40 1 0 3. Enviados: 20 - Recibidos: 81
Thu Feb 16 16:37:13 2017 - [ERROR] - Unable to open /dev/ttyACM0: No such file or directory
Thu Feb 16 16:37:16 2017 - [SENDCOM] - Comando turno 08 04 40 1 1 3. Enviados: 20 - Recibidos: 81
Thu Feb 16 16:37:35 2017 - [ERROR] - Unable to open /dev/ttyACM0: No such file or directory
Thu Feb 16 16:37:38 2017 - [SENDCOM] - Comando turno 08 04 40 1 2 3. Enviados: 20 - Recibidos: 81
Thu Feb 16 16:41:22 2017 - [ERROR] - Unable to open /dev/ttyACM0: No such file or directory
Thu Feb 16 16:41:24 2017 - [SENDCOM] - Comando epoch. Enviados: 5 - Recibidos: 15
Thu Feb 16 16:42:11 2017 - [ERROR] - Unable to open /dev/ttyACM0: No such file or directory
Thu Feb 16 16:42:13 2017 - [SENDCOM] - Comando epoch. Enviados: 5 - Recibidos: 15
Thu Feb 16 16:42:42 2017 - [ERROR] - Unable to open /dev/ttyACM0: No such file or directory
Thu Feb 16 16:42:44 2017 - [SENDCOM] - Comando epoch. Enviados: 5 - Recibidos: 15
Thu Feb 16 17:54:02 2017 - [ERROR] - Unable to open /dev/ttyACM0: No such file or directory
Thu Feb 16 17:54:05 2017 - [SENDCOM] - Comando turno 08 04 40 1 0 3. Enviados: 20 - Recibidos: 81
Thu Feb 16 17:54:37 2017 - [ERROR] - Unable to open /dev/ttyACM0: No such file or directory
Thu Feb 16 18:03:31 2017 - [ERROR] - Unable to open /dev/ttyACM0: No such file or directory
Thu Feb 16 18:03:34 2017 - [SENDCOM] - Comando turno 08 04 40 1 0 3. Enviados: 20 - Recibidos: 81
Thu Feb 16 18:04:41 2017 - [ERROR] - Unable to open /dev/ttyACM0: No such file or directory
Thu Feb 16 18:04:43 2017 - [SENDCOM] - Comando turno 08 04 40 1 0 3. Enviados: 20 - Recibidos: 81
Thu Feb 16 18:04:53 2017 - [ERROR] - Unable to open /dev/ttyACM0: No such file or directory
Thu Feb 16 18:04:56 2017 - [SENDCOM] - Comando turno 08 04 40 1 1 3. Enviados: 20 - Recibidos: 81
Thu Feb 16 18:05:02 2017 - [ERROR] - Unable to open /dev/ttyACM0: No such file or directory
Thu Feb 16 18:05:05 2017 - [SENDCOM] - Comando turno 08 04 40 1 2 3. Enviados: 20 - Recibidos: 81
Thu Feb 16 21:17:43 2017 - [ERROR] - Unable to open /dev/ttyACM0: No such file or directory
Thu Feb 16 21:17:46 2017 - [SENDCOM] - Comando turno 08 05 40 1 0 3. Enviados: 20 - Recibidos: 81
Thu Feb 16 21:17:59 2017 - [ERROR] - Unable to open /dev/ttyACM0: No such file or directory
Thu Feb 16 21:18:02 2017 - [SENDCOM] - Comando turno 08 05 40 1 1 3. Enviados: 20 - Recibidos: 81
Thu Feb 16 21:18:08 2017 - [ERROR] - Unable to open /dev/ttyACM0: No such file or directory
Thu Feb 16 21:18:11 2017 - [SENDCOM] - Comando turno 08 05 40 1 2 3. Enviados: 20 - Recibidos: 81
Thu Feb 16 21:33:29 2017 - [ERROR] - Unable to open /dev/ttyACM0: No such file or directory
Thu Feb 16 21:33:32 2017 - [SENDCOM] - Comando printlogs. Enviados: 9 - Recibidos: 48
Fri Feb 17 16:16:18 2017 - [SENDCOM] - Comando turno 08 05 40 1 0 3. Enviados: 20 - Recibidos: 81
Fri Feb 17 16:16:26 2017 - [SENDCOM] - Comando turno 08 05 40 1 1 3. Enviados: 20 - Recibidos: 81
Fri Feb 17 16:16:34 2017 - [SENDCOM] - Comando turno 08 05 40 1 2 3. Enviados: 20 - Recibidos: 81
Fri Feb 17 16:17:05 2017 - [SENDCOM] - Comando turno 08 05 30 1 0 3. Enviados: 20 - Recibidos: 81
Mon Mar  6 16:52:23 2017 - [ERROR] - Unable to open /dev/ttyACM0: No such file or directory
Mon Mar  6 16:52:23 2017 - [ERROR] - Unable to open /dev/ttyACM1: No such file or directory
Mon Mar  6 16:52:23 2017 - [ERROR] - Unable to open /dev/ttyACM2: No such file or directory
Mon Mar  6 16:52:23 2017 - [ERROR] - Unable to open /dev/ttyACM3: No such file or directory
Mon Mar  6 16:52:23 2017 - [ERROR] - Unable to open /dev/ttyACM4: No such file or directory
Mon Mar  6 16:52:23 2017 - [ERROR] - Unable to open /dev/ttyACM5: No such file or directory
Mon Mar  6 16:52:23 2017 - [ERROR] - Unable to open /dev/ttyACM6: No such file or directory
Mon Mar  6 16:52:23 2017 - [ERROR] - Unable to open /dev/ttyACM7: No such file or directory
Mon Mar  6 16:52:23 2017 - [ERROR] - Unable to open /dev/ttyACM8: No such file or directory
Mon Mar  6 16:52:23 2017 - [ERROR] - Unable to open /dev/ttyACM9: No such file or directory
Sat Apr  1 15:24:44 2017 - [SENDCOM] - Comando 10. Enviados: 2 - Recibidos: 21
Sat Apr  1 15:24:59 2017 - [SENDCOM] - Comando turno 10 10 30 0 4 1. Enviados: 20 - Recibidos: 38
Sat Apr  1 22:39:12 2017 - [SENDCOM] - Comando turno 10 10 30 0 3 1. Enviados: 20 - Recibidos: 38
Sat Apr  1 22:39:38 2017 - [SENDCOM] - Comando turno 10 10 30 0 1 3. Enviados: 20 - Recibidos: 82
Sat Apr  1 22:40:36 2017 - [SENDCOM] - Comando status. Enviados: 6 - Recibidos: 548
Sat Apr  1 22:45:01 2017 - [SENDCOM] - Comando status. Enviados: 6 - Recibidos: 419
Sat Apr  1 22:45:16 2017 - [SENDCOM] - Comando turno 10 10 30 0 1 3. Enviados: 20 - Recibidos: 82
Sat Apr  1 22:45:30 2017 - [SENDCOM] - Comando status. Enviados: 6 - Recibidos: 548
Sat Apr  1 22:46:11 2017 - [SENDCOM] - Comando turno 10 10 30 0 0 3. Enviados: 20 - Recibidos: 82
Sat Apr  1 22:46:19 2017 - [SENDCOM] - Comando status. Enviados: 6 - Recibidos: 548
Sat Apr  1 22:47:57 2017 - [SENDCOM] - Comando status. Enviados: 6 - Recibidos: 548
Sat Apr  1 22:49:38 2017 - [SENDCOM] - Comando status. Enviados: 6 - Recibidos: 548
Sat Apr  1 22:50:21 2017 - [SENDCOM] - Comando status. Enviados: 6 - Recibidos: 548
Sat Apr  1 22:52:01 2017 - [SENDCOM] - Comando turno 08 05 40 1 0 3. Enviados: 20 - Recibidos: 81
Sat Apr  1 22:52:13 2017 - [SENDCOM] - Comando status. Enviados: 6 - Recibidos: 548
Sat Apr  1 22:52:19 2017 - [SENDCOM] - Comando status. Enviados: 6 - Recibidos: 548
